# JRE version: OpenJDK Runtime Environment (17.0.6) (build 17.0.6+0-b2043.56-10027231)
# Java VM: OpenJDK 64-Bit Server VM (17.0.6+0-b2043.56-10027231, mixed mode, tiered, compressed oops, compressed class ptrs, g1 gc, windows-amd64)
GC Precious Log:
 CPUs: 4 total, 4 available
 Memory: 4000M
 Large Page Support: Disabled
 NUMA Support: Disabled
 Compressed Oops: Enabled (32-bit)
 Heap Region Size: 1M
 Heap Min Capacity: 8M
 Heap Initial Capacity: 64M
 Heap Max Capacity: 1536M
 Pre-touch: Disabled
 Parallel Workers: 4
 Concurrent Workers: 1
 Concurrent Refinement Workers: 4
 Periodic GC: Disabled
Heap:
 garbage-first heap   total 243712K, used 186159K [0x00000000a0000000, 0x0000000100000000)
  region size 1024K, 18 young (18432K), 5 survivors (5120K)
 Metaspace       used 104572K, committed 105792K, reserved 1146880K
  class space    used 14315K, committed 14848K, reserved 1048576K
GC Heap History (20 events):
Event: 78.155 GC heap before
{Heap before GC invocations=69 (full 0):
 garbage-first heap   total 202752K, used 166928K [0x00000000a0000000, 0x0000000100000000)
  region size 1024K, 30 young (30720K), 5 survivors (5120K)
 Metaspace       used 99896K, committed 100992K, reserved 1138688K
  class space    used 13751K, committed 14208K, reserved 1048576K
}
Event: 78.190 GC heap after
{Heap after GC invocations=70 (full 0):
 garbage-first heap   total 202752K, used 148866K [0x00000000a0000000, 0x0000000100000000)
  region size 1024K, 4 young (4096K), 4 survivors (4096K)
 Metaspace       used 99896K, committed 100992K, reserved 1138688K
  class space    used 13751K, committed 14208K, reserved 1048576K
}
Event: 78.831 GC heap before
{Heap before GC invocations=70 (full 0):
 garbage-first heap   total 202752K, used 169346K [0x00000000a0000000, 0x0000000100000000)
  region size 1024K, 24 young (24576K), 4 survivors (4096K)
 Metaspace       used 100184K, committed 101248K, reserved 1138688K
  class space    used 13782K, committed 14208K, reserved 1048576K
}
Event: 78.859 GC heap after
{Heap after GC invocations=71 (full 0):
 garbage-first heap   total 202752K, used 155328K [0x00000000a0000000, 0x0000000100000000)
  region size 1024K, 3 young (3072K), 3 survivors (3072K)
 Metaspace       used 100184K, committed 101248K, reserved 1138688K
  class space    used 13782K, committed 14208K, reserved 1048576K
}
Event: 79.428 GC heap before
{Heap before GC invocations=71 (full 0):
 garbage-first heap   total 202752K, used 170688K [0x00000000a0000000, 0x0000000100000000)
  region size 1024K, 18 young (18432K), 3 survivors (3072K)
 Metaspace       used 100462K, committed 101504K, reserved 1138688K
  class space    used 13814K, committed 14272K, reserved 1048576K
}
Event: 79.448 GC heap after
{Heap after GC invocations=72 (full 0):
 garbage-first heap   total 202752K, used 158715K [0x00000000a0000000, 0x0000000100000000)
  region size 1024K, 3 young (3072K), 3 survivors (3072K)
 Metaspace       used 100462K, committed 101504K, reserved 1138688K
  class space    used 13814K, committed 14272K, reserved 1048576K
}
Event: 79.838 GC heap before
{Heap before GC invocations=72 (full 0):
 garbage-first heap   total 202752K, used 172027K [0x00000000a0000000, 0x0000000100000000)
  region size 1024K, 16 young (16384K), 3 survivors (3072K)
 Metaspace       used 100965K, committed 102016K, reserved 1138688K
  class space    used 13890K, committed 14336K, reserved 1048576K
}
Event: 79.856 GC heap after
{Heap after GC invocations=73 (full 0):
 garbage-first heap   total 202752K, used 159915K [0x00000000a0000000, 0x0000000100000000)
  region size 1024K, 2 young (2048K), 2 survivors (2048K)
 Metaspace       used 100965K, committed 102016K, reserved 1138688K
  class space    used 13890K, committed 14336K, reserved 1048576K
}
Event: 80.523 GC heap before
{Heap before GC invocations=73 (full 0):
 garbage-first heap   total 202752K, used 174251K [0x00000000a0000000, 0x0000000100000000)
  region size 1024K, 16 young (16384K), 2 survivors (2048K)
 Metaspace       used 101231K, committed 102336K, reserved 1138688K
  class space    used 13933K, committed 14400K, reserved 1048576K
}
Event: 80.543 GC heap after
{Heap after GC invocations=74 (full 0):
 garbage-first heap   total 243712K, used 163361K [0x00000000a0000000, 0x0000000100000000)
  region size 1024K, 2 young (2048K), 2 survivors (2048K)
 Metaspace       used 101231K, committed 102336K, reserved 1138688K
  class space    used 13933K, committed 14400K, reserved 1048576K
}
Event: 83.190 GC heap before
{Heap before GC invocations=74 (full 0):
 garbage-first heap   total 243712K, used 198177K [0x00000000a0000000, 0x0000000100000000)
  region size 1024K, 37 young (37888K), 2 survivors (2048K)
 Metaspace       used 101272K, committed 102336K, reserved 1138688K
  class space    used 13940K, committed 14400K, reserved 1048576K
}
Event: 83.202 GC heap after
{Heap after GC invocations=75 (full 0):
 garbage-first heap   total 243712K, used 164576K [0x00000000a0000000, 0x0000000100000000)
  region size 1024K, 5 young (5120K), 5 survivors (5120K)
 Metaspace       used 101272K, committed 102336K, reserved 1138688K
  class space    used 13940K, committed 14400K, reserved 1048576K
}
Event: 151.006 GC heap before
{Heap before GC invocations=75 (full 0):
 garbage-first heap   total 243712K, used 201440K [0x00000000a0000000, 0x0000000100000000)
  region size 1024K, 39 young (39936K), 5 survivors (5120K)
 Metaspace       used 102211K, committed 103360K, reserved 1138688K
  class space    used 14111K, committed 14592K, reserved 1048576K
}
Event: 151.167 GC heap after
{Heap after GC invocations=76 (full 0):
 garbage-first heap   total 243712K, used 167290K [0x00000000a0000000, 0x0000000100000000)
  region size 1024K, 5 young (5120K), 5 survivors (5120K)
 Metaspace       used 102211K, committed 103360K, reserved 1138688K
  class space    used 14111K, committed 14592K, reserved 1048576K
}
Event: 153.616 GC heap before
{Heap before GC invocations=76 (full 0):
 garbage-first heap   total 243712K, used 201081K [0x00000000a0000000, 0x0000000100000000)
  region size 1024K, 39 young (39936K), 5 survivors (5120K)
 Metaspace       used 102558K, committed 103744K, reserved 1138688K
  class space    used 14130K, committed 14592K, reserved 1048576K
}
Event: 153.658 GC heap after
{Heap after GC invocations=77 (full 0):
 garbage-first heap   total 243712K, used 169334K [0x00000000a0000000, 0x0000000100000000)
  region size 1024K, 2 young (2048K), 2 survivors (2048K)
 Metaspace       used 102558K, committed 103744K, reserved 1138688K
  class space    used 14130K, committed 14592K, reserved 1048576K
}
Event: 159.082 GC heap before
{Heap before GC invocations=77 (full 0):
 garbage-first heap   total 243712K, used 203126K [0x00000000a0000000, 0x0000000100000000)
  region size 1024K, 36 young (36864K), 2 survivors (2048K)
 Metaspace       used 104346K, committed 105600K, reserved 1146880K
  class space    used 14307K, committed 14848K, reserved 1048576K
}
Event: 159.118 GC heap after
{Heap after GC invocations=78 (full 0):
 garbage-first heap   total 243712K, used 171125K [0x00000000a0000000, 0x0000000100000000)
  region size 1024K, 4 young (4096K), 4 survivors (4096K)
 Metaspace       used 104346K, committed 105600K, reserved 1146880K
  class space    used 14307K, committed 14848K, reserved 1048576K
}
Event: 160.809 GC heap before
{Heap before GC invocations=78 (full 0):
 garbage-first heap   total 243712K, used 204917K [0x00000000a0000000, 0x0000000100000000)
  region size 1024K, 38 young (38912K), 4 survivors (4096K)
 Metaspace       used 104538K, committed 105792K, reserved 1146880K
  class space    used 14315K, committed 14848K, reserved 1048576K
}
Event: 160.841 GC heap after
{Heap after GC invocations=79 (full 0):
 garbage-first heap   total 243712K, used 173871K [0x00000000a0000000, 0x0000000100000000)
  region size 1024K, 5 young (5120K), 5 survivors (5120K)
 Metaspace       used 104538K, committed 105792K, reserved 1146880K
  class space    used 14315K, committed 14848K, reserved 1048576K
}

